c:\users\dave voorhis\source\repos\rel\_deployment\nativelaunchers\binaries\windows\rel\x64\debug\rel.pch
c:\users\dave voorhis\source\repos\rel\_deployment\nativelaunchers\binaries\windows\rel\x64\debug\vc141.pdb
c:\users\dave voorhis\source\repos\rel\_deployment\nativelaunchers\binaries\windows\rel\x64\debug\vc141.idb
c:\users\dave voorhis\source\repos\rel\_deployment\nativelaunchers\binaries\windows\rel\x64\debug\pch.obj
c:\users\dave voorhis\source\repos\rel\_deployment\nativelaunchers\binaries\windows\rel\x64\debug\rel.obj
c:\users\dave voorhis\source\repos\rel\_deployment\nativelaunchers\binaries\windows\rel\x64\debug\rel.res
c:\users\dave voorhis\source\repos\rel\_deployment\nativelaunchers\binaries\windows\x64\debug\rel.pdb
c:\users\dave voorhis\source\repos\rel\_deployment\nativelaunchers\binaries\windows\rel\x64\debug\rel.tlog\cl.command.1.tlog
c:\users\dave voorhis\source\repos\rel\_deployment\nativelaunchers\binaries\windows\rel\x64\debug\rel.tlog\cl.read.1.tlog
c:\users\dave voorhis\source\repos\rel\_deployment\nativelaunchers\binaries\windows\rel\x64\debug\rel.tlog\cl.write.1.tlog
c:\users\dave voorhis\source\repos\rel\_deployment\nativelaunchers\binaries\windows\rel\x64\debug\rel.tlog\link-cvtres.read.1.tlog
c:\users\dave voorhis\source\repos\rel\_deployment\nativelaunchers\binaries\windows\rel\x64\debug\rel.tlog\link-cvtres.write.1.tlog
c:\users\dave voorhis\source\repos\rel\_deployment\nativelaunchers\binaries\windows\rel\x64\debug\rel.tlog\link-rc.read.1.tlog
c:\users\dave voorhis\source\repos\rel\_deployment\nativelaunchers\binaries\windows\rel\x64\debug\rel.tlog\link-rc.write.1.tlog
c:\users\dave voorhis\source\repos\rel\_deployment\nativelaunchers\binaries\windows\rel\x64\debug\rel.tlog\link.command.1.tlog
c:\users\dave voorhis\source\repos\rel\_deployment\nativelaunchers\binaries\windows\rel\x64\debug\rel.tlog\link.read.1.tlog
c:\users\dave voorhis\source\repos\rel\_deployment\nativelaunchers\binaries\windows\rel\x64\debug\rel.tlog\link.write.1.tlog
c:\users\dave voorhis\source\repos\rel\_deployment\nativelaunchers\binaries\windows\rel\x64\debug\rel.tlog\rc.command.1.tlog
c:\users\dave voorhis\source\repos\rel\_deployment\nativelaunchers\binaries\windows\rel\x64\debug\rel.tlog\rc.read.1.tlog
c:\users\dave voorhis\source\repos\rel\_deployment\nativelaunchers\binaries\windows\rel\x64\debug\rel.tlog\rc.write.1.tlog
